{"C:\\Users\\steve\\Documents\\CRUD-OPERATION-IN-NODE.JS\\controllers\\MemberController.js": {"path":"C:\\Users\\steve\\Documents\\CRUD-OPERATION-IN-NODE.JS\\controllers\\MemberController.js","statementMap":{"0":{"start":{"line":1,"column":16},"end":{"line":1,"column":35}},"1":{"start":{"line":3,"column":15},"end":{"line":3,"column":42}},"2":{"start":{"line":6,"column":21},"end":{"line":20,"column":1}},"3":{"start":{"line":7,"column":4},"end":{"line":19,"column":5}},"4":{"start":{"line":8,"column":79},"end":{"line":8,"column":87}},"5":{"start":{"line":9,"column":27},"end":{"line":9,"column":81}},"6":{"start":{"line":10,"column":8},"end":{"line":12,"column":9}},"7":{"start":{"line":11,"column":12},"end":{"line":11,"column":37}},"8":{"start":{"line":13,"column":23},"end":{"line":13,"column":45}},"9":{"start":{"line":14,"column":8},"end":{"line":14,"column":28}},"10":{"start":{"line":15,"column":8},"end":{"line":15,"column":32}},"11":{"start":{"line":18,"column":8},"end":{"line":18,"column":58}},"12":{"start":{"line":23,"column":22},"end":{"line":31,"column":1}},"13":{"start":{"line":24,"column":4},"end":{"line":30,"column":5}},"14":{"start":{"line":25,"column":24},"end":{"line":25,"column":54}},"15":{"start":{"line":26,"column":8},"end":{"line":26,"column":33}},"16":{"start":{"line":29,"column":8},"end":{"line":29,"column":58}},"17":{"start":{"line":34,"column":18},"end":{"line":43,"column":1}},"18":{"start":{"line":35,"column":4},"end":{"line":42,"column":5}},"19":{"start":{"line":36,"column":23},"end":{"line":36,"column":76}},"20":{"start":{"line":37,"column":8},"end":{"line":37,"column":78}},"21":{"start":{"line":37,"column":21},"end":{"line":37,"column":78}},"22":{"start":{"line":38,"column":8},"end":{"line":38,"column":32}},"23":{"start":{"line":41,"column":8},"end":{"line":41,"column":58}},"24":{"start":{"line":46,"column":21},"end":{"line":61,"column":1}},"25":{"start":{"line":47,"column":4},"end":{"line":60,"column":5}},"26":{"start":{"line":48,"column":79},"end":{"line":48,"column":87}},"27":{"start":{"line":49,"column":27},"end":{"line":49,"column":29}},"28":{"start":{"line":50,"column":8},"end":{"line":50,"column":56}},"29":{"start":{"line":50,"column":23},"end":{"line":50,"column":56}},"30":{"start":{"line":51,"column":8},"end":{"line":51,"column":44}},"31":{"start":{"line":51,"column":19},"end":{"line":51,"column":44}},"32":{"start":{"line":52,"column":8},"end":{"line":52,"column":45}},"33":{"start":{"line":52,"column":20},"end":{"line":52,"column":45}},"34":{"start":{"line":53,"column":30},"end":{"line":54,"column":52}},"35":{"start":{"line":55,"column":8},"end":{"line":55,"column":87}},"36":{"start":{"line":55,"column":28},"end":{"line":55,"column":87}},"37":{"start":{"line":56,"column":8},"end":{"line":56,"column":39}},"38":{"start":{"line":59,"column":8},"end":{"line":59,"column":52}},"39":{"start":{"line":64,"column":21},"end":{"line":73,"column":1}},"40":{"start":{"line":65,"column":4},"end":{"line":72,"column":5}},"41":{"start":{"line":66,"column":30},"end":{"line":66,"column":75}},"42":{"start":{"line":67,"column":8},"end":{"line":67,"column":86}},"43":{"start":{"line":67,"column":28},"end":{"line":67,"column":86}},"44":{"start":{"line":68,"column":8},"end":{"line":68,"column":67}},"45":{"start":{"line":71,"column":8},"end":{"line":71,"column":52}},"46":{"start":{"line":76,"column":25},"end":{"line":87,"column":1}},"47":{"start":{"line":77,"column":4},"end":{"line":86,"column":5}},"48":{"start":{"line":78,"column":27},"end":{"line":78,"column":37}},"49":{"start":{"line":79,"column":24},"end":{"line":79,"column":59}},"50":{"start":{"line":80,"column":8},"end":{"line":82,"column":9}},"51":{"start":{"line":81,"column":12},"end":{"line":81,"column":87}},"52":{"start":{"line":83,"column":8},"end":{"line":83,"column":33}},"53":{"start":{"line":85,"column":8},"end":{"line":85,"column":60}},"54":{"start":{"line":91,"column":0},"end":{"line":98,"column":1}}},"fnMap":{"0":{"name":"(anonymous_0)","decl":{"start":{"line":6,"column":21},"end":{"line":6,"column":22}},"loc":{"start":{"line":6,"column":41},"end":{"line":20,"column":1}},"line":6},"1":{"name":"(anonymous_1)","decl":{"start":{"line":23,"column":22},"end":{"line":23,"column":23}},"loc":{"start":{"line":23,"column":42},"end":{"line":31,"column":1}},"line":23},"2":{"name":"(anonymous_2)","decl":{"start":{"line":34,"column":18},"end":{"line":34,"column":19}},"loc":{"start":{"line":34,"column":38},"end":{"line":43,"column":1}},"line":34},"3":{"name":"(anonymous_3)","decl":{"start":{"line":46,"column":21},"end":{"line":46,"column":22}},"loc":{"start":{"line":46,"column":41},"end":{"line":61,"column":1}},"line":46},"4":{"name":"(anonymous_4)","decl":{"start":{"line":64,"column":21},"end":{"line":64,"column":22}},"loc":{"start":{"line":64,"column":41},"end":{"line":73,"column":1}},"line":64},"5":{"name":"(anonymous_5)","decl":{"start":{"line":76,"column":25},"end":{"line":76,"column":26}},"loc":{"start":{"line":76,"column":45},"end":{"line":87,"column":1}},"line":76}},"branchMap":{"0":{"loc":{"start":{"line":10,"column":8},"end":{"line":12,"column":9}},"type":"if","locations":[{"start":{"line":10,"column":8},"end":{"line":12,"column":9}},{"start":{},"end":{}}],"line":10},"1":{"loc":{"start":{"line":37,"column":8},"end":{"line":37,"column":78}},"type":"if","locations":[{"start":{"line":37,"column":8},"end":{"line":37,"column":78}},{"start":{},"end":{}}],"line":37},"2":{"loc":{"start":{"line":50,"column":8},"end":{"line":50,"column":56}},"type":"if","locations":[{"start":{"line":50,"column":8},"end":{"line":50,"column":56}},{"start":{},"end":{}}],"line":50},"3":{"loc":{"start":{"line":51,"column":8},"end":{"line":51,"column":44}},"type":"if","locations":[{"start":{"line":51,"column":8},"end":{"line":51,"column":44}},{"start":{},"end":{}}],"line":51},"4":{"loc":{"start":{"line":52,"column":8},"end":{"line":52,"column":45}},"type":"if","locations":[{"start":{"line":52,"column":8},"end":{"line":52,"column":45}},{"start":{},"end":{}}],"line":52},"5":{"loc":{"start":{"line":55,"column":8},"end":{"line":55,"column":87}},"type":"if","locations":[{"start":{"line":55,"column":8},"end":{"line":55,"column":87}},{"start":{},"end":{}}],"line":55},"6":{"loc":{"start":{"line":67,"column":8},"end":{"line":67,"column":86}},"type":"if","locations":[{"start":{"line":67,"column":8},"end":{"line":67,"column":86}},{"start":{},"end":{}}],"line":67},"7":{"loc":{"start":{"line":80,"column":8},"end":{"line":82,"column":9}},"type":"if","locations":[{"start":{"line":80,"column":8},"end":{"line":82,"column":9}},{"start":{},"end":{}}],"line":80}},"s":{"0":1,"1":1,"2":1,"3":1,"4":1,"5":1,"6":1,"7":0,"8":1,"9":1,"10":1,"11":0,"12":1,"13":1,"14":1,"15":0,"16":1,"17":1,"18":0,"19":0,"20":0,"21":0,"22":0,"23":0,"24":1,"25":0,"26":0,"27":0,"28":0,"29":0,"30":0,"31":0,"32":0,"33":0,"34":0,"35":0,"36":0,"37":0,"38":0,"39":1,"40":1,"41":1,"42":1,"43":0,"44":1,"45":0,"46":1,"47":0,"48":0,"49":0,"50":0,"51":0,"52":0,"53":0,"54":1},"f":{"0":1,"1":1,"2":0,"3":0,"4":1,"5":0},"b":{"0":[0,1],"1":[0,0],"2":[0,0],"3":[0,0],"4":[0,0],"5":[0,0],"6":[0,1],"7":[0,0]},"_coverageSchema":"1a1c01bbd47fc00a2c39e90264f33305004495a9","hash":"4480b4d89fb68bd6bb2b89a2df888f530e7783e8"}
,"C:\\Users\\steve\\Documents\\CRUD-OPERATION-IN-NODE.JS\\controllers\\UserController.js": {"path":"C:\\Users\\steve\\Documents\\CRUD-OPERATION-IN-NODE.JS\\controllers\\UserController.js","statementMap":{"0":{"start":{"line":1,"column":13},"end":{"line":1,"column":38}},"1":{"start":{"line":3,"column":15},"end":{"line":3,"column":42}},"2":{"start":{"line":6,"column":19},"end":{"line":15,"column":1}},"3":{"start":{"line":7,"column":4},"end":{"line":14,"column":5}},"4":{"start":{"line":8,"column":73},"end":{"line":8,"column":81}},"5":{"start":{"line":9,"column":21},"end":{"line":9,"column":87}},"6":{"start":{"line":10,"column":8},"end":{"line":10,"column":26}},"7":{"start":{"line":11,"column":8},"end":{"line":11,"column":30}},"8":{"start":{"line":13,"column":8},"end":{"line":13,"column":60}},"9":{"start":{"line":18,"column":20},"end":{"line":25,"column":1}},"10":{"start":{"line":19,"column":4},"end":{"line":24,"column":5}},"11":{"start":{"line":20,"column":22},"end":{"line":20,"column":50}},"12":{"start":{"line":21,"column":8},"end":{"line":21,"column":31}},"13":{"start":{"line":23,"column":8},"end":{"line":23,"column":60}},"14":{"start":{"line":28,"column":16},"end":{"line":36,"column":1}},"15":{"start":{"line":29,"column":4},"end":{"line":35,"column":5}},"16":{"start":{"line":30,"column":21},"end":{"line":30,"column":55}},"17":{"start":{"line":31,"column":8},"end":{"line":31,"column":76}},"18":{"start":{"line":31,"column":19},"end":{"line":31,"column":76}},"19":{"start":{"line":32,"column":8},"end":{"line":32,"column":30}},"20":{"start":{"line":34,"column":8},"end":{"line":34,"column":60}},"21":{"start":{"line":39,"column":19},"end":{"line":52,"column":1}},"22":{"start":{"line":40,"column":4},"end":{"line":51,"column":3}},"23":{"start":{"line":41,"column":45},"end":{"line":41,"column":53}},"24":{"start":{"line":42,"column":27},"end":{"line":42,"column":29}},"25":{"start":{"line":43,"column":8},"end":{"line":43,"column":59}},"26":{"start":{"line":43,"column":24},"end":{"line":43,"column":59}},"27":{"start":{"line":44,"column":8},"end":{"line":44,"column":65}},"28":{"start":{"line":44,"column":26},"end":{"line":44,"column":65}},"29":{"start":{"line":46,"column":28},"end":{"line":46,"column":98}},"30":{"start":{"line":47,"column":8},"end":{"line":47,"column":83}},"31":{"start":{"line":47,"column":26},"end":{"line":47,"column":83}},"32":{"start":{"line":48,"column":8},"end":{"line":48,"column":37}},"33":{"start":{"line":50,"column":4},"end":{"line":50,"column":56}},"34":{"start":{"line":55,"column":19},"end":{"line":63,"column":1}},"35":{"start":{"line":56,"column":4},"end":{"line":62,"column":5}},"36":{"start":{"line":57,"column":28},"end":{"line":57,"column":71}},"37":{"start":{"line":58,"column":8},"end":{"line":58,"column":83}},"38":{"start":{"line":58,"column":26},"end":{"line":58,"column":83}},"39":{"start":{"line":59,"column":8},"end":{"line":59,"column":84}},"40":{"start":{"line":61,"column":8},"end":{"line":61,"column":60}},"41":{"start":{"line":66,"column":26},"end":{"line":77,"column":1}},"42":{"start":{"line":67,"column":4},"end":{"line":76,"column":5}},"43":{"start":{"line":68,"column":23},"end":{"line":68,"column":33}},"44":{"start":{"line":69,"column":24},"end":{"line":69,"column":59}},"45":{"start":{"line":70,"column":8},"end":{"line":72,"column":9}},"46":{"start":{"line":71,"column":12},"end":{"line":71,"column":87}},"47":{"start":{"line":73,"column":8},"end":{"line":73,"column":33}},"48":{"start":{"line":75,"column":8},"end":{"line":75,"column":60}},"49":{"start":{"line":82,"column":0},"end":{"line":89,"column":1}}},"fnMap":{"0":{"name":"(anonymous_0)","decl":{"start":{"line":6,"column":19},"end":{"line":6,"column":20}},"loc":{"start":{"line":6,"column":39},"end":{"line":15,"column":1}},"line":6},"1":{"name":"(anonymous_1)","decl":{"start":{"line":18,"column":20},"end":{"line":18,"column":21}},"loc":{"start":{"line":18,"column":40},"end":{"line":25,"column":1}},"line":18},"2":{"name":"(anonymous_2)","decl":{"start":{"line":28,"column":16},"end":{"line":28,"column":17}},"loc":{"start":{"line":28,"column":36},"end":{"line":36,"column":1}},"line":28},"3":{"name":"(anonymous_3)","decl":{"start":{"line":39,"column":19},"end":{"line":39,"column":20}},"loc":{"start":{"line":39,"column":39},"end":{"line":52,"column":1}},"line":39},"4":{"name":"(anonymous_4)","decl":{"start":{"line":55,"column":19},"end":{"line":55,"column":20}},"loc":{"start":{"line":55,"column":39},"end":{"line":63,"column":1}},"line":55},"5":{"name":"(anonymous_5)","decl":{"start":{"line":66,"column":26},"end":{"line":66,"column":27}},"loc":{"start":{"line":66,"column":46},"end":{"line":77,"column":1}},"line":66}},"branchMap":{"0":{"loc":{"start":{"line":31,"column":8},"end":{"line":31,"column":76}},"type":"if","locations":[{"start":{"line":31,"column":8},"end":{"line":31,"column":76}},{"start":{},"end":{}}],"line":31},"1":{"loc":{"start":{"line":43,"column":8},"end":{"line":43,"column":59}},"type":"if","locations":[{"start":{"line":43,"column":8},"end":{"line":43,"column":59}},{"start":{},"end":{}}],"line":43},"2":{"loc":{"start":{"line":44,"column":8},"end":{"line":44,"column":65}},"type":"if","locations":[{"start":{"line":44,"column":8},"end":{"line":44,"column":65}},{"start":{},"end":{}}],"line":44},"3":{"loc":{"start":{"line":47,"column":8},"end":{"line":47,"column":83}},"type":"if","locations":[{"start":{"line":47,"column":8},"end":{"line":47,"column":83}},{"start":{},"end":{}}],"line":47},"4":{"loc":{"start":{"line":58,"column":8},"end":{"line":58,"column":83}},"type":"if","locations":[{"start":{"line":58,"column":8},"end":{"line":58,"column":83}},{"start":{},"end":{}}],"line":58},"5":{"loc":{"start":{"line":70,"column":8},"end":{"line":72,"column":9}},"type":"if","locations":[{"start":{"line":70,"column":8},"end":{"line":72,"column":9}},{"start":{},"end":{}}],"line":70}},"s":{"0":1,"1":1,"2":1,"3":1,"4":1,"5":1,"6":1,"7":1,"8":0,"9":1,"10":1,"11":1,"12":0,"13":1,"14":1,"15":0,"16":0,"17":0,"18":0,"19":0,"20":0,"21":1,"22":0,"23":0,"24":0,"25":0,"26":0,"27":0,"28":0,"29":0,"30":0,"31":0,"32":0,"33":0,"34":1,"35":1,"36":1,"37":1,"38":0,"39":1,"40":0,"41":1,"42":0,"43":0,"44":0,"45":0,"46":0,"47":0,"48":0,"49":1},"f":{"0":1,"1":1,"2":0,"3":0,"4":1,"5":0},"b":{"0":[0,0],"1":[0,0],"2":[0,0],"3":[0,0],"4":[0,1],"5":[0,0]},"_coverageSchema":"1a1c01bbd47fc00a2c39e90264f33305004495a9","hash":"4715ef2db6c829d38572ba9142380671255807d9"}
,"C:\\Users\\steve\\Documents\\CRUD-OPERATION-IN-NODE.JS\\models\\Member.js": {"path":"C:\\Users\\steve\\Documents\\CRUD-OPERATION-IN-NODE.JS\\models\\Member.js","statementMap":{"0":{"start":{"line":1,"column":17},"end":{"line":1,"column":36}},"1":{"start":{"line":4,"column":21},"end":{"line":30,"column":2}},"2":{"start":{"line":33,"column":0},"end":{"line":33,"column":67}}},"fnMap":{},"branchMap":{},"s":{"0":3,"1":3,"2":3},"f":{},"b":{},"_coverageSchema":"1a1c01bbd47fc00a2c39e90264f33305004495a9","hash":"5c5c5003535302b65cf8456fcaca86d57b88bb66"}
,"C:\\Users\\steve\\Documents\\CRUD-OPERATION-IN-NODE.JS\\models\\User.js": {"path":"C:\\Users\\steve\\Documents\\CRUD-OPERATION-IN-NODE.JS\\models\\User.js","statementMap":{"0":{"start":{"line":1,"column":17},"end":{"line":1,"column":37}},"1":{"start":{"line":2,"column":15},"end":{"line":2,"column":34}},"2":{"start":{"line":4,"column":19},"end":{"line":26,"column":2}},"3":{"start":{"line":29,"column":0},"end":{"line":32,"column":3}},"4":{"start":{"line":30,"column":4},"end":{"line":30,"column":48}},"5":{"start":{"line":31,"column":4},"end":{"line":31,"column":11}},"6":{"start":{"line":35,"column":0},"end":{"line":35,"column":61}}},"fnMap":{"0":{"name":"(anonymous_0)","decl":{"start":{"line":29,"column":25},"end":{"line":29,"column":26}},"loc":{"start":{"line":29,"column":47},"end":{"line":32,"column":1}},"line":29}},"branchMap":{},"s":{"0":1,"1":1,"2":1,"3":1,"4":0,"5":0,"6":1},"f":{"0":0},"b":{},"_coverageSchema":"1a1c01bbd47fc00a2c39e90264f33305004495a9","hash":"e63e56889e0a3f73a6e05f8d16e71e50ddbf3bca"}
,"C:\\Users\\steve\\Documents\\CRUD-OPERATION-IN-NODE.JS\\routes\\MemberRoutes.js": {"path":"C:\\Users\\steve\\Documents\\CRUD-OPERATION-IN-NODE.JS\\routes\\MemberRoutes.js","statementMap":{"0":{"start":{"line":2,"column":16},"end":{"line":2,"column":34}},"1":{"start":{"line":3,"column":15},"end":{"line":3,"column":31}},"2":{"start":{"line":4,"column":25},"end":{"line":4,"column":67}},"3":{"start":{"line":6,"column":0},"end":{"line":6,"column":48}},"4":{"start":{"line":7,"column":0},"end":{"line":7,"column":48}},"5":{"start":{"line":8,"column":0},"end":{"line":8,"column":63}},"6":{"start":{"line":9,"column":0},"end":{"line":9,"column":47}},"7":{"start":{"line":10,"column":0},"end":{"line":10,"column":52}},"8":{"start":{"line":11,"column":0},"end":{"line":11,"column":53}},"9":{"start":{"line":13,"column":0},"end":{"line":13,"column":24}}},"fnMap":{},"branchMap":{},"s":{"0":1,"1":1,"2":1,"3":1,"4":1,"5":1,"6":1,"7":1,"8":1,"9":1},"f":{},"b":{},"_coverageSchema":"1a1c01bbd47fc00a2c39e90264f33305004495a9","hash":"071b97e0b5f3ebe1d56b42b66149def97863c60b"}
,"C:\\Users\\steve\\Documents\\CRUD-OPERATION-IN-NODE.JS\\routes\\UserRoutes.js": {"path":"C:\\Users\\steve\\Documents\\CRUD-OPERATION-IN-NODE.JS\\routes\\UserRoutes.js","statementMap":{"0":{"start":{"line":1,"column":16},"end":{"line":1,"column":34}},"1":{"start":{"line":2,"column":15},"end":{"line":2,"column":31}},"2":{"start":{"line":3,"column":23},"end":{"line":3,"column":63}},"3":{"start":{"line":5,"column":0},"end":{"line":5,"column":44}},"4":{"start":{"line":6,"column":0},"end":{"line":6,"column":43}},"5":{"start":{"line":7,"column":0},"end":{"line":7,"column":65}},"6":{"start":{"line":8,"column":0},"end":{"line":8,"column":44}},"7":{"start":{"line":9,"column":0},"end":{"line":9,"column":48}},"8":{"start":{"line":10,"column":0},"end":{"line":10,"column":49}},"9":{"start":{"line":12,"column":0},"end":{"line":12,"column":24}}},"fnMap":{},"branchMap":{},"s":{"0":1,"1":1,"2":1,"3":1,"4":1,"5":1,"6":1,"7":1,"8":1,"9":1},"f":{},"b":{},"_coverageSchema":"1a1c01bbd47fc00a2c39e90264f33305004495a9","hash":"32484266670c1f63efa9685defb4c8ae1b2dd309"}
}
