TN:
SF:controllers\MemberController.js
FN:6,(anonymous_0)
FN:23,(anonymous_1)
FN:34,(anonymous_2)
FN:46,(anonymous_3)
FN:64,(anonymous_4)
FN:76,(anonymous_5)
FNF:6
FNH:6
FNDA:3,(anonymous_0)
FNDA:2,(anonymous_1)
FNDA:3,(anonymous_2)
FNDA:3,(anonymous_3)
FNDA:3,(anonymous_4)
FNDA:3,(anonymous_5)
DA:1,1
DA:3,1
DA:6,1
DA:7,3
DA:8,3
DA:9,3
DA:10,3
DA:11,1
DA:13,3
DA:14,3
DA:15,2
DA:18,1
DA:23,1
DA:24,2
DA:25,2
DA:26,1
DA:29,1
DA:34,1
DA:35,3
DA:36,3
DA:37,2
DA:38,1
DA:41,1
DA:46,1
DA:47,3
DA:48,3
DA:49,3
DA:50,3
DA:51,3
DA:52,3
DA:53,3
DA:55,2
DA:56,1
DA:59,1
DA:64,1
DA:65,3
DA:66,3
DA:67,2
DA:68,1
DA:71,1
DA:76,1
DA:77,3
DA:78,3
DA:79,3
DA:80,2
DA:81,1
DA:83,1
DA:85,1
DA:91,1
LF:49
LH:49
BRDA:10,0,0,1
BRDA:10,0,1,2
BRDA:37,1,0,1
BRDA:37,1,1,1
BRDA:50,2,0,2
BRDA:50,2,1,1
BRDA:51,3,0,3
BRDA:51,3,1,0
BRDA:52,4,0,3
BRDA:52,4,1,0
BRDA:55,5,0,1
BRDA:55,5,1,1
BRDA:67,6,0,1
BRDA:67,6,1,1
BRDA:80,7,0,1
BRDA:80,7,1,1
BRF:16
BRH:14
end_of_record
TN:
SF:controllers\UserController.js
FN:6,(anonymous_0)
FN:18,(anonymous_1)
FN:28,(anonymous_2)
FN:39,(anonymous_3)
FN:55,(anonymous_4)
FN:66,(anonymous_5)
FNF:6
FNH:6
FNDA:2,(anonymous_0)
FNDA:2,(anonymous_1)
FNDA:3,(anonymous_2)
FNDA:3,(anonymous_3)
FNDA:3,(anonymous_4)
FNDA:3,(anonymous_5)
DA:1,1
DA:3,1
DA:6,1
DA:7,2
DA:8,2
DA:9,2
DA:10,2
DA:11,1
DA:13,1
DA:18,1
DA:19,2
DA:20,2
DA:21,1
DA:23,1
DA:28,1
DA:29,3
DA:30,3
DA:31,2
DA:32,1
DA:34,1
DA:39,1
DA:40,3
DA:41,3
DA:42,3
DA:43,3
DA:44,3
DA:46,3
DA:47,2
DA:48,1
DA:50,1
DA:55,1
DA:56,3
DA:57,3
DA:58,2
DA:59,1
DA:61,1
DA:66,1
DA:67,3
DA:68,3
DA:69,3
DA:70,2
DA:71,1
DA:73,1
DA:75,1
DA:82,1
LF:45
LH:45
BRDA:31,0,0,1
BRDA:31,0,1,1
BRDA:43,1,0,3
BRDA:43,1,1,0
BRDA:44,2,0,1
BRDA:44,2,1,2
BRDA:47,3,0,1
BRDA:47,3,1,1
BRDA:58,4,0,1
BRDA:58,4,1,1
BRDA:70,5,0,1
BRDA:70,5,1,1
BRF:12
BRH:11
end_of_record
TN:
SF:models\Member.js
FNF:0
FNH:0
DA:1,2
DA:4,2
DA:33,2
LF:3
LH:3
BRF:0
BRH:0
end_of_record
TN:
SF:models\User.js
FN:29,(anonymous_0)
FNF:1
FNH:0
FNDA:0,(anonymous_0)
DA:1,1
DA:2,1
DA:4,1
DA:29,1
DA:30,0
DA:31,0
DA:35,1
LF:7
LH:5
BRF:0
BRH:0
end_of_record
TN:
SF:routes\MemberRoutes.js
FNF:0
FNH:0
DA:2,1
DA:3,1
DA:4,1
DA:6,1
DA:7,1
DA:8,1
DA:9,1
DA:10,1
DA:11,1
DA:13,1
LF:10
LH:10
BRF:0
BRH:0
end_of_record
TN:
SF:routes\UserRoutes.js
FNF:0
FNH:0
DA:1,1
DA:2,1
DA:3,1
DA:5,1
DA:6,1
DA:7,1
DA:8,1
DA:9,1
DA:10,1
DA:12,1
LF:10
LH:10
BRF:0
BRH:0
end_of_record
